{
  "stats": {
    "suites": 1,
    "tests": 2,
    "passes": 2,
    "pending": 0,
    "failures": 0,
    "start": "2024-01-24T06:53:25.748Z",
    "end": "2024-01-24T06:54:02.549Z",
    "duration": 36801,
    "testsRegistered": 2,
    "passPercent": 100,
    "pendingPercent": 0,
    "other": 0,
    "hasOther": false,
    "skipped": 0,
    "hasSkipped": false
  },
  "results": [
    {
      "uuid": "2c5e370b-b99c-434e-bbbb-a6d543ef2a5d",
      "title": "",
      "fullFile": "cypress\\e2e\\TestCase\\LoginTest.cy.js",
      "file": "cypress\\e2e\\TestCase\\LoginTest.cy.js",
      "beforeHooks": [],
      "afterHooks": [],
      "tests": [],
      "suites": [
        {
          "uuid": "ddf51ffd-61cc-4efd-98cc-ce4775291024",
          "title": "Login Suite",
          "fullFile": "",
          "file": "",
          "beforeHooks": [],
          "afterHooks": [],
          "tests": [
            {
              "title": "Login Pass",
              "fullTitle": "Login Suite Login Pass",
              "timedOut": null,
              "duration": 24086,
              "state": "passed",
              "speed": "slow",
              "pass": true,
              "fail": false,
              "pending": false,
              "context": "[\n  {\n    \"title\": \"cypress-mochawesome-reporter-videos-passed\",\n    \"value\": \"cypress\\\\e2e\\\\TestCase\\\\LoginTest.cy.js\"\n  },\n  {\n    \"title\": \"cypress-mochawesome-reporter-screenshots\",\n    \"value\": [\n      [\n        \"\\\\LoginTest.cy.js\\\\Homepage.png\"\n      ]\n    ]\n  }\n]",
              "code": "var loginPage = new _LoginPage[\"default\"]();\ncy.visit(Cypress.env('url'));\nCypress.config('defaultCommandTime', 6000);\nloginPage.getSignIn().click();\nloginPage.getEmail().type(this.data.validUser.email);\nloginPage.getPassword().type(this.data.validUser.password);\nloginPage.getlogin().click();\nCypress.config('defaultCommandTime', 6000);\ncy.get('b').should('contains.text', 'Your employers');\ncy.screenshot('Homepage');",
              "err": {},
              "uuid": "2e9b8e8b-13c0-434f-8ece-dddb55474b79",
              "parentUUID": "ddf51ffd-61cc-4efd-98cc-ce4775291024",
              "isHook": false,
              "skipped": false
            },
            {
              "title": "Login Fail",
              "fullTitle": "Login Suite Login Fail",
              "timedOut": null,
              "duration": 9199,
              "state": "passed",
              "speed": "medium",
              "pass": true,
              "fail": false,
              "pending": false,
              "context": "{\n  \"title\": \"cypress-mochawesome-reporter-videos-passed\",\n  \"value\": \"cypress\\\\e2e\\\\TestCase\\\\LoginTest.cy.js\"\n}",
              "code": "var loginPage = new _LoginPage[\"default\"]();\ncy.visit(Cypress.env('url'));\nloginPage.getSignIn().click();\nloginPage.getEmail().type(this.data.invalidUser.email);\nloginPage.getPassword().type(this.data.invalidUser.password);\nloginPage.getlogin().click();\ncy.get('.text-error-heading').should('contains.text', 'Details not recognised');",
              "err": {},
              "uuid": "ec680c66-6acc-49f0-97a2-4f3ec6372a8b",
              "parentUUID": "ddf51ffd-61cc-4efd-98cc-ce4775291024",
              "isHook": false,
              "skipped": false
            }
          ],
          "suites": [],
          "passes": [
            "2e9b8e8b-13c0-434f-8ece-dddb55474b79",
            "ec680c66-6acc-49f0-97a2-4f3ec6372a8b"
          ],
          "failures": [],
          "pending": [],
          "skipped": [],
          "duration": 33285,
          "root": false,
          "rootEmpty": false,
          "_timeout": 2000
        }
      ],
      "passes": [],
      "failures": [],
      "pending": [],
      "skipped": [],
      "duration": 0,
      "root": true,
      "rootEmpty": true,
      "_timeout": 2000
    }
  ],
  "meta": {
    "mocha": {
      "version": "7.0.1"
    },
    "mochawesome": {
      "options": {
        "quiet": false,
        "reportFilename": "mochawesome",
        "saveHtml": false,
        "saveJson": true,
        "consoleReporter": "spec",
        "useInlineDiffs": false,
        "code": true
      },
      "version": "7.1.3"
    },
    "marge": {
      "options": {
        "id": "default",
        "reportDir": "cypress\\downloads\\Reports\\.jsons",
        "charts": true,
        "reportPageTitle": "My Test Suite",
        "embeddedScreenshots": true,
        "inlineAssets": true,
        "overwrite": false,
        "html": false,
        "json": true
      },
      "version": "6.2.0"
    }
  }
}