{
  "stats": {
    "suites": 1,
    "tests": 1,
    "passes": 1,
    "pending": 0,
    "failures": 0,
    "start": "2024-01-24T06:54:06.932Z",
    "end": "2024-01-24T06:54:09.143Z",
    "duration": 2211,
    "testsRegistered": 1,
    "passPercent": 100,
    "pendingPercent": 0,
    "other": 0,
    "hasOther": false,
    "skipped": 0,
    "hasSkipped": false
  },
  "results": [
    {
      "uuid": "902c9ec9-76ad-4e1e-ba17-be4f0d308c5e",
      "title": "",
      "fullFile": "cypress\\e2e\\TestCase\\SQL.js",
      "file": "cypress\\e2e\\TestCase\\SQL.js",
      "beforeHooks": [],
      "afterHooks": [],
      "tests": [],
      "suites": [
        {
          "uuid": "4ad3e444-e2c0-4648-98f9-3205b3c2dca2",
          "title": "Window",
          "fullFile": "",
          "file": "",
          "beforeHooks": [],
          "afterHooks": [],
          "tests": [
            {
              "title": "Database Interaction",
              "fullTitle": "Window Database Interaction",
              "timedOut": null,
              "duration": 2158,
              "state": "passed",
              "speed": "fast",
              "pass": true,
              "fail": false,
              "pending": false,
              "context": "{\n  \"title\": \"cypress-mochawesome-reporter-videos-passed\",\n  \"value\": \"cypress\\\\e2e\\\\TestCase\\\\SQL.js\"\n}",
              "code": "cy.sqlServer(\"Select * from Employers\").then(function (result) {\n  console.log(result[15][[7]]);\n});",
              "err": {},
              "uuid": "6f6beac3-fb2a-4045-b3b3-57898489c3c2",
              "parentUUID": "4ad3e444-e2c0-4648-98f9-3205b3c2dca2",
              "isHook": false,
              "skipped": false
            }
          ],
          "suites": [],
          "passes": [
            "6f6beac3-fb2a-4045-b3b3-57898489c3c2"
          ],
          "failures": [],
          "pending": [],
          "skipped": [],
          "duration": 2158,
          "root": false,
          "rootEmpty": false,
          "_timeout": 2000
        }
      ],
      "passes": [],
      "failures": [],
      "pending": [],
      "skipped": [],
      "duration": 0,
      "root": true,
      "rootEmpty": true,
      "_timeout": 2000
    }
  ],
  "meta": {
    "mocha": {
      "version": "7.0.1"
    },
    "mochawesome": {
      "options": {
        "quiet": false,
        "reportFilename": "mochawesome",
        "saveHtml": false,
        "saveJson": true,
        "consoleReporter": "spec",
        "useInlineDiffs": false,
        "code": true
      },
      "version": "7.1.3"
    },
    "marge": {
      "options": {
        "id": "default",
        "reportDir": "cypress\\downloads\\Reports\\.jsons",
        "charts": true,
        "reportPageTitle": "My Test Suite",
        "embeddedScreenshots": true,
        "inlineAssets": true,
        "overwrite": false,
        "html": false,
        "json": true
      },
      "version": "6.2.0"
    }
  }
}