{
  "stats": {
    "suites": 1,
    "tests": 1,
    "passes": 1,
    "pending": 0,
    "failures": 0,
    "start": "2024-01-08T07:26:21.747Z",
    "end": "2024-01-08T07:26:53.427Z",
    "duration": 31680,
    "testsRegistered": 1,
    "passPercent": 100,
    "pendingPercent": 0,
    "other": 0,
    "hasOther": false,
    "skipped": 0,
    "hasSkipped": false
  },
  "results": [
    {
      "uuid": "a990e397-be9a-4d4a-b26f-73c2361279e8",
      "title": "",
      "fullFile": "cypress\\e2e\\TestCase\\AddAnEmployerTest.js",
      "file": "cypress\\e2e\\TestCase\\AddAnEmployerTest.js",
      "beforeHooks": [],
      "afterHooks": [],
      "tests": [],
      "suites": [
        {
          "uuid": "2db0eed6-5362-453b-b249-8122548e9817",
          "title": "Add employer Suite",
          "fullFile": "",
          "file": "",
          "beforeHooks": [],
          "afterHooks": [],
          "tests": [
            {
              "title": "Add An Employer",
              "fullTitle": "Add employer Suite Add An Employer",
              "timedOut": null,
              "duration": 27684,
              "state": "passed",
              "speed": "slow",
              "pass": true,
              "fail": false,
              "pending": false,
              "context": "[\n  {\n    \"title\": \"cypress-mochawesome-reporter-videos-passed\",\n    \"value\": \"cypress\\\\e2e\\\\TestCase\\\\AddAnEmployerTest.js\"\n  },\n  {\n    \"title\": \"cypress-mochawesome-reporter-screenshots\",\n    \"value\": [\n      [\n        \"\\\\AddAnEmployerTest.js\\\\Homepage.png\"\n      ]\n    ]\n  }\n]",
              "code": "var loginPage = new _LoginPage[\"default\"]();\nvar addEmployer = new _AddAnEmployerPage[\"default\"]();\ncy.visit(Cypress.env('url'));\nloginPage.getSignIn().click();\nCypress.config('defaultCommandTime', 3000);\nloginPage.getEmail().type(this.data.validUser.email);\nloginPage.getPassword().type(this.data.validUser.password);\nloginPage.getlogin().click();\nCypress.config('defaultCommandTime', 6000);\ncy.get('b').should('contains.text', 'Your employers');\naddEmployer.clickAddEmployer();\naddEmployer.searchEmployer().type(this.info.search);\ncy.get('.k-item').click(); // Assuming this is specific and doesn't need to be part of the page object\naddEmployer.setDccCategory().type(this.info.Dcc);\naddEmployer.setSPAcategory().type(this.info.SPA);\naddEmployer.clickFinalSubmit().click();\ncy.screenshot('Homepage');",
              "err": {},
              "uuid": "d8c6f14e-c7b4-4b6d-91f2-d99f096d21dd",
              "parentUUID": "2db0eed6-5362-453b-b249-8122548e9817",
              "isHook": false,
              "skipped": false
            }
          ],
          "suites": [],
          "passes": [
            "d8c6f14e-c7b4-4b6d-91f2-d99f096d21dd"
          ],
          "failures": [],
          "pending": [],
          "skipped": [],
          "duration": 27684,
          "root": false,
          "rootEmpty": false,
          "_timeout": 2000
        }
      ],
      "passes": [],
      "failures": [],
      "pending": [],
      "skipped": [],
      "duration": 0,
      "root": true,
      "rootEmpty": true,
      "_timeout": 2000
    }
  ],
  "meta": {
    "mocha": {
      "version": "7.0.1"
    },
    "mochawesome": {
      "options": {
        "quiet": false,
        "reportFilename": "mochawesome",
        "saveHtml": false,
        "saveJson": true,
        "consoleReporter": "spec",
        "useInlineDiffs": false,
        "code": true
      },
      "version": "7.1.3"
    },
    "marge": {
      "options": {
        "reportDir": "cypress\\downloads\\Reports\\.jsons",
        "charts": true,
        "reportPageTitle": "My Test Report",
        "embeddedScreenshots": true,
        "inlineAssets": true,
        "saveHtml": true,
        "videoUploadOnPasses": true,
        "saveJson": true,
        "overwrite": false,
        "html": false,
        "json": true
      },
      "version": "6.2.0"
    }
  }
}